<?xml version="1.0" encoding="UTF-8"?>
<!-- Generated by org.testng.reporters.JUnitXMLReporter -->
<testsuite ignored="0" hostname="DESKTOP-RQDV8HS" failures="0" tests="4" name="Default test" time="14.262" errors="0" timestamp="2022-12-10T20:32:45 IST">
  <testcase classname="loginTestCases.LoginPage" name="Login" time="0.937"/>
  <testcase classname="loginTestCases.LoginPage" name="Login" time="1.785"/>
  <testcase classname="loginTestCases.LoginPage" name="Login" time="1.724"/>
  <testcase classname="loginTestCases.LoginPage" name="Login" time="1.529"/>
</testsuite> <!-- Default test -->
