<?xml version="1.0" encoding="UTF-8"?>
<!-- Generated by org.testng.reporters.JUnitXMLReporter -->
<testsuite ignored="1" hostname="LP-5CD9296DDF" failures="0" tests="2" name="Test" time="208.09" errors="0" timestamp="2022-07-21T18:06:05 IST">
  <testcase classname="script.TC0_PS_X64_Exeution" name="PSDriver_X64_PlatformExecution" time="93.078"/>
  <testcase classname="script.TC0_PS_X86_Exeution" name="PSDriver_X86_PlatformExecution" time="63.515"/>
  <testcase classname="commonConfig.StartBrowser" name="@BeforeTest report" time="0.0">
    <ignored/>
  </testcase> <!-- @BeforeTest report -->
</testsuite> <!-- Test -->
