<?xml version="1.0" encoding="UTF-8"?>
<testng-results ignored="0" total="4" passed="4" failed="0" skipped="0">
  <reporter-output>
  </reporter-output>
  <suite started-at="2022-12-10T20:32:31 IST" name="Default suite" finished-at="2022-12-10T20:32:45 IST" duration-ms="14262">
    <groups>
    </groups>
    <test started-at="2022-12-10T20:32:31 IST" name="Default test" finished-at="2022-12-10T20:32:45 IST" duration-ms="14262">
      <class name="loginTestCases.LoginPage">
        <test-method is-config="true" signature="OpenBrowser()[pri:0, instance:loginTestCases.LoginPage@6892b3b6]" started-at="2022-12-10T20:32:31 IST" name="OpenBrowser" finished-at="2022-12-10T20:32:39 IST" duration-ms="7882" status="PASS">
          <reporter-output>
          </reporter-output>
        </test-method> <!-- OpenBrowser -->
        <test-method signature="Login(java.lang.String,java.lang.String)[pri:0, instance:loginTestCases.LoginPage@6892b3b6]" started-at="2022-12-10T20:32:39 IST" name="Login" data-provider="LoginData" finished-at="2022-12-10T20:32:40 IST" duration-ms="937" status="PASS">
          <params>
            <param index="0">
              <value>
                <![CDATA[Admin]]>
              </value>
            </param>
            <param index="1">
              <value>
                <![CDATA[Adnin]]>
              </value>
            </param>
          </params>
          <reporter-output>
          </reporter-output>
        </test-method> <!-- Login -->
        <test-method signature="Login(java.lang.String,java.lang.String)[pri:0, instance:loginTestCases.LoginPage@6892b3b6]" started-at="2022-12-10T20:32:40 IST" name="Login" data-provider="LoginData" finished-at="2022-12-10T20:32:42 IST" duration-ms="1785" status="PASS">
          <params>
            <param index="0">
              <value>
                <![CDATA[admin]]>
              </value>
            </param>
            <param index="1">
              <value>
                <![CDATA[admin]]>
              </value>
            </param>
          </params>
          <reporter-output>
          </reporter-output>
        </test-method> <!-- Login -->
        <test-method signature="Login(java.lang.String,java.lang.String)[pri:0, instance:loginTestCases.LoginPage@6892b3b6]" started-at="2022-12-10T20:32:42 IST" name="Login" data-provider="LoginData" finished-at="2022-12-10T20:32:44 IST" duration-ms="1724" status="PASS">
          <params>
            <param index="0">
              <value>
                <![CDATA[admin]]>
              </value>
            </param>
            <param index="1">
              <value>
                <![CDATA[admini]]>
              </value>
            </param>
          </params>
          <reporter-output>
          </reporter-output>
        </test-method> <!-- Login -->
        <test-method signature="Login(java.lang.String,java.lang.String)[pri:0, instance:loginTestCases.LoginPage@6892b3b6]" started-at="2022-12-10T20:32:44 IST" name="Login" data-provider="LoginData" finished-at="2022-12-10T20:32:45 IST" duration-ms="1529" status="PASS">
          <params>
            <param index="0">
              <value>
                <![CDATA[Admin]]>
              </value>
            </param>
            <param index="1">
              <value>
                <![CDATA[admin123]]>
              </value>
            </param>
          </params>
          <reporter-output>
          </reporter-output>
        </test-method> <!-- Login -->
        <test-method is-config="true" signature="closeBrowser()[pri:0, instance:loginTestCases.LoginPage@6892b3b6]" started-at="2022-12-10T20:32:45 IST" name="closeBrowser" finished-at="2022-12-10T20:32:45 IST" duration-ms="264" status="PASS">
          <reporter-output>
          </reporter-output>
        </test-method> <!-- closeBrowser -->
      </class> <!-- loginTestCases.LoginPage -->
    </test> <!-- Default test -->
  </suite> <!-- Default suite -->
</testng-results>
