<?xml version="1.0" encoding="UTF-8"?>
<!-- Generated by org.testng.reporters.JUnitXMLReporter -->
<testsuite ignored="1" hostname="DESKTOP-RQDV8HS" failures="0" tests="22" name="Test" time="8.913" errors="0" timestamp="2022-12-10T14:04:33 IST">
  <testcase classname="testNG.Sample" name="FifthTC" time="0.006"/>
  <testcase classname="testNG.Sample" name="FourthTC" time="0.002"/>
  <testcase classname="testNG.Sample" name="ThirdTC" time="0.001"/>
  <testcase classname="testNG.Sample" name="firstTC" time="0.001"/>
  <testcase classname="testNG.Sample" name="secondTC" time="0.0"/>
  <testcase classname="testNG.DepandsONMethod" name="SecondarySchool" time="0.002"/>
  <testcase classname="testNG.DepandsONMethod" name="HighSchool" time="0.001"/>
  <testcase classname="testNG.DepandsONMethod" name="College" time="0.002"/>
  <testcase classname="testNG.SkipTC" name="startCar" time="0.001"/>
  <testcase classname="testNG.SkipTC" name="putFirstGear" time="0.002"/>
  <testcase classname="testNG.SkipTC" name="putSecondGear" time="0.001"/>
  <testcase classname="testNG.SkipTC" name="putThirdGear" time="0.001"/>
  <testcase classname="testNG.SkipTC" name="putfourthgear" time="0.002"/>
  <testcase classname="testNG.DriveACar" name="putFirstGear" time="0.001"/>
  <testcase classname="testNG.DriveACar" name="startCar" time="0.001"/>
  <testcase classname="testNG.DriveACar" name="putSecondGear" time="0.001"/>
  <testcase classname="testNG.DriveACar" name="putThirdGear" time="0.001"/>
  <testcase classname="testNG.DriveACar" name="putfourthgear" time="0.0"/>
  <testcase classname="testNG.DriveACar" name="putfifthgear" time="0.001"/>
  <testcase classname="testNG.TestSuite" name="openBing" time="1.358"/>
  <testcase classname="testNG.TestSuite" name="openGoogle" time="4.129"/>
  <testcase classname="testNG.TestSuite" name="openYahoo" time="3.193"/>
  <testcase classname="testNG.SkipTC" name="MusicON" time="0.0">
    <ignored/>
  </testcase> <!-- MusicON -->
</testsuite> <!-- Test -->
