<?xml version="1.0" encoding="UTF-8"?>
<testng-results ignored="0" total="1" passed="1" failed="0" skipped="0">
  <reporter-output>
  </reporter-output>
  <suite started-at="2022-12-02T21:30:11 IST" name="Default suite" finished-at="2022-12-02T21:30:12 IST" duration-ms="1519">
    <groups>
    </groups>
    <test started-at="2022-12-02T21:30:11 IST" name="Default test" finished-at="2022-12-02T21:30:12 IST" duration-ms="1519">
      <class name="cucumberBDDStyle.GETEmp">
        <test-method signature="getallemp()[pri:0, instance:cucumberBDDStyle.GETEmp@2b91004a]" started-at="2022-12-02T21:30:11 IST" name="getallemp" finished-at="2022-12-02T21:30:12 IST" duration-ms="1471" status="PASS">
          <reporter-output>
          </reporter-output>
        </test-method> <!-- getallemp -->
      </class> <!-- cucumberBDDStyle.GETEmp -->
    </test> <!-- Default test -->
  </suite> <!-- Default suite -->
</testng-results>
